<?xml version="1.0" encoding="UTF-8"?>
<!-- Generated by org.testng.reporters.JUnitXMLReporter -->
<testsuite ignored="0" hostname="LAPTOP-CDU0EB2F" failures="0" tests="10" name="Default test" time="63.025" errors="0" timestamp="2025-03-09T22:35:51 IST">
  <testcase classname="com.Project.TestCases.AddMobileToCartTest" name="TestCase1" time="5.896"/>
  <testcase classname="com.Project.TestCases.AddMobileToCartTest" name="TestCase2" time="3.838"/>
  <testcase classname="com.Project.TestCases.AddMobileToCartTest" name="TestCase3" time="3.239"/>
  <testcase classname="com.Project.TestCases.AddMobileToCartTest" name="TestCase4" time="3.354"/>
  <testcase classname="com.Project.TestCases.AddMobileToCartTest" name="TestCase5" time="9.677"/>
  <testcase classname="com.Project.TestCases.AddMobileToCartTest" name="TestCase6" time="3.251"/>
  <testcase classname="com.Project.TestCases.AddMobileToCartTest" name="TestCase7" time="3.26"/>
  <testcase classname="com.Project.TestCases.AddMobileToCartTest" name="TestCase8" time="9.632"/>
  <testcase classname="com.Project.TestCases.AddMobileToCartTest" name="TestCase9" time="3.254"/>
  <testcase classname="com.Project.TestCases.AddMobileToCartTest" name="TestCase10" time="9.222"/>
</testsuite> <!-- Default test -->
