<?xml version="1.0" encoding="UTF-8"?>
<!-- Generated by org.testng.reporters.JUnitXMLReporter -->
<testsuite ignored="0" hostname="LAPTOP-CDU0EB2F" failures="0" tests="10" name="Test" time="59.999" errors="0" timestamp="2025-03-06T20:12:58 IST">
  <testcase classname="com.Project.TestCases.AddMobileToCartTest" name="TestCase1" time="5.947"/>
  <testcase classname="com.Project.TestCases.AddMobileToCartTest" name="TestCase2" time="3.879"/>
  <testcase classname="com.Project.TestCases.AddMobileToCartTest" name="TestCase3" time="3.207"/>
  <testcase classname="com.Project.TestCases.AddMobileToCartTest" name="TestCase4" time="3.324"/>
  <testcase classname="com.Project.TestCases.AddMobileToCartTest" name="TestCase5" time="9.688"/>
  <testcase classname="com.Project.TestCases.AddMobileToCartTest" name="TestCase6" time="3.236"/>
  <testcase classname="com.Project.TestCases.AddMobileToCartTest" name="TestCase7" time="3.411"/>
  <testcase classname="com.Project.TestCases.AddMobileToCartTest" name="TestCase8" time="9.889"/>
  <testcase classname="com.Project.TestCases.AddMobileToCartTest" name="TestCase9" time="3.527"/>
  <testcase classname="com.Project.TestCases.AddMobileToCartTest" name="TestCase10" time="9.475"/>
</testsuite> <!-- Test -->
